<?xml version="1.0" encoding="UTF-8"?><testsuite errors="0" failures="1" name="Logic layer normal service test" tests="11" time="112.438"><properties/><testcase classname="org.onceforall.dms.desktop.tests.LogicLayerNormalServiceTest" name="testMEnterServiceInformationStep" time="0.453"/><testcase classname="org.onceforall.dms.desktop.tests.LogicLayerNormalServiceTest" name="testMCheckFreeDiskSpaceStep" time="0.922"/><testcase classname="org.onceforall.dms.desktop.tests.LogicLayerNormalServiceTest" name="testMCreateServiceDirectoryStep" time="0.375"/><testcase classname="org.onceforall.dms.desktop.tests.LogicLayerNormalServiceTest" name="testMCheckInputLevelsStep" time="4.156"/><testcase classname="org.onceforall.dms.desktop.tests.LogicLayerNormalServiceTest" name="testMRecordPreSermonStep" time="2.078"/><testcase classname="org.onceforall.dms.desktop.tests.LogicLayerNormalServiceTest" name="testMRecordSermonStep" time="1.953"/><testcase classname="org.onceforall.dms.desktop.tests.LogicLayerNormalServiceTest" name="testMRecordPostSermonStep" time="2.235"/><testcase classname="org.onceforall.dms.desktop.tests.LogicLayerNormalServiceTest" name="testMBurnCdStep" time="0.0"><failure message="Step validation failed: The file 'C:\Projects\Digital Media Service\Desktop\Development\org.onceforall.dms.desktop.tests\dev\..\..\org.onceforall.dms.desktop.ui\dev\Program Files\Nero 6.0\Nero' does not exist." type="java.lang.AssertionError">java.lang.AssertionError: Step validation failed: The file 'C:\Projects\Digital Media Service\Desktop\Development\org.onceforall.dms.desktop.tests\dev\..\..\org.onceforall.dms.desktop.ui\dev\Program Files\Nero 6.0\Nero' does not exist.&#13;
	at org.onceforall.dms.desktop.tests.Test.executeMStep(Test.java:185)&#13;
	at org.onceforall.dms.desktop.tests.Test.executeMStep(Test.java:149)&#13;
	at org.onceforall.dms.desktop.tests.LogicLayerTest.executeMStep(LogicLayerTest.java:106)&#13;
	at org.onceforall.dms.desktop.tests.LogicLayerNormalServiceTest.testMBurnCdStep(LogicLayerNormalServiceTest.java:175)&#13;
... Removed 22 stack frames</failure></testcase><testcase classname="org.onceforall.dms.desktop.tests.LogicLayerNormalServiceTest" name="testMConvertToMP3Step" time="1.484"/><testcase classname="org.onceforall.dms.desktop.tests.LogicLayerNormalServiceTest" name="testMPublishMP3Step" time="7.703"/><testcase classname="org.onceforall.dms.desktop.tests.LogicLayerNormalServiceTest" name="testMEmailEventLogStepStep" time="85.61"/></testsuite>